Project Information                                c:\max2work\lab4\device.rpt

MAX+plus II Compiler Report File
Version 10.2 07/10/2002
Compiled: 03/24/2023 22:11:07

Copyright (C) 1988-2002 Altera Corporation
Any megafunction design, and related net list (encrypted or decrypted),
support information, device programming or simulation file, and any other
associated documentation or information provided by Altera or a partner
under Altera's Megafunction Partnership Program may be used only to
program PLD devices (but not masked PLD devices) from Altera.  Any other
use of such megafunction design, net list, support information, device
programming or simulation file, or any other related documentation or
information is prohibited for any other purpose, including, but not
limited to modification, reverse engineering, de-compiling, or use with
any other silicon devices, unless such use is explicitly licensed under
a separate agreement with Altera or a megafunction partner.  Title to
the intellectual property, including patents, copyrights, trademarks,
trade secrets, or maskworks, embodied in any such megafunction design,
net list, support information, device programming or simulation file, or
any other related documentation or information provided by Altera or a
megafunction partner, remains with Altera, the megafunction partner, or
their respective licensors.  No other licenses, including any licenses
needed under any third party's intellectual property, are provided herein.



***** Project compilation was successful




** DEVICE SUMMARY **

Chip/                     Input   Output   Bidir         Shareable
POF       Device          Pins    Pins     Pins     LCs  Expanders  % Utilized

device    EPM3032ALC44-10  7        0        8      21      13          65 %

User Pins:                 7        0        8  



Project Information                                c:\max2work\lab4\device.rpt

** AUTO GLOBAL SIGNALS **



INFO: Signal 'clk' chosen for auto global Clock


Project Information                                c:\max2work\lab4\device.rpt

** PIN/LOCATION/CHIP ASSIGNMENTS **

                  Actual                  
    User       Assignments                
Assignments   (if different)     Node Name

device@4                          A0
device@5                          A1
device@6                          A2
device@43                         clk
device@28                         io0
device@27                         io1
device@26                         io2
device@25                         io3
device@24                         io4
device@21                         io5
device@20                         io6
device@19                         io7
device@39                         load
device@8                          oe
device@9                          oe1


Project Information                                c:\max2work\lab4\device.rpt

** FILE HIERARCHY **



|decoder:15|
|register:18|
|7segm:20|


Device-Specific Information:                       c:\max2work\lab4\device.rpt
device

***** Logic for device 'device' compiled without errors.




Device: EPM3032ALC44-10

Device Options:
    Turbo Bit                                    = ON
    Security Bit                                 = OFF
    Enable JTAG Support                        = ON
    User Code                                  = ffffffff
    MultiVolt I/O                              = OFF

                                         R  R  
                                         E  E  
                       V                 S  S  
                       C                 E  E  
                       C                 R  R  
                       I  G  G  G  c  G  V  V  
              A  A  A  N  N  N  N  l  N  E  E  
              2  1  0  T  D  D  D  k  D  D  D  
            -----------------------------------_ 
          /   6  5  4  3  2  1 44 43 42 41 40   | 
    #TDI |  7                                39 | load 
      oe |  8                                38 | #TDO 
     oe1 |  9                                37 | RESERVED 
     GND | 10                                36 | GND 
RESERVED | 11                                35 | VCCIO 
RESERVED | 12        EPM3032ALC44-10         34 | RESERVED 
    #TMS | 13                                33 | RESERVED 
RESERVED | 14                                32 | #TCK 
   VCCIO | 15                                31 | RESERVED 
RESERVED | 16                                30 | GND 
     GND | 17                                29 | RESERVED 
         |_  18 19 20 21 22 23 24 25 26 27 28  _| 
           ------------------------------------ 
              R  i  i  i  G  V  i  i  i  i  i  
              E  o  o  o  N  C  o  o  o  o  o  
              S  7  6  5  D  C  4  3  2  1  0  
              E              I                 
              R              N                 
              V              T                 
              E                                
              D                                


N.C. = No Connect. This pin has no internal connection to the device.
VCCINT = Dedicated power pin, which MUST be connected to VCC (3.3 volts).
VCCIO = Dedicated power pin, which MUST be connected to VCC (3.3 volts).
GND = Dedicated ground pin or unused dedicated input, which MUST be connected to GND.
RESERVED = Unused I/O pin, which MUST be left unconnected.

^ = Dedicated configuration pin.
+ = Reserved configuration pin, which is tri-stated during user mode.
* = Reserved configuration pin, which drives out in user mode.
PDn = Power Down pin. 
@ = Special-purpose pin. 
# = JTAG Boundary-Scan Testing/In-System Programming or Configuration Pin. The JTAG inputs TMS and TDI should be tied to VCC and TCK should be tied to GND when not in use.
& = JTAG pin used for I/O. When used as user I/O, JTAG pins must be kept stable before and during configuration.  JTAG pin stability prevents accidental loading of JTAG instructions.


Device-Specific Information:                       c:\max2work\lab4\device.rpt
device

** RESOURCE USAGE **

                                                Shareable     External
Logic Array Block     Logic Cells   I/O Pins    Expanders   Interconnect

A:     LC1 - LC16     6/16( 37%)  10/15( 66%)   7/16( 43%)  16/36( 44%) 
B:    LC17 - LC32    15/16( 93%)   8/15( 53%)  13/16( 81%)  20/36( 55%) 


Total dedicated input pins used:                 1/4      ( 25%)
Total I/O pins used:                            18/30     ( 60%)
Total logic cells used:                         21/32     ( 65%)
Total shareable expanders used:                 13/32     ( 40%)
Total Turbo logic cells used:                   21/32     ( 65%)
Total shareable expanders not available (n/a):   7/32     ( 21%)
Average fan-in:                                  8.23
Total fan-in:                                   173

Total input pins required:                       7
Total output pins required:                      0
Total bidirectional pins required:               8
Total reserved pins required                     4
Total logic cells required:                     21
Total flipflops required:                       12
Total product terms required:                   84
Total logic cells lending parallel expanders:    0
Total shareable expanders in database:          11

Synthesized logic cells:                         1/  32   (  3%)



Device-Specific Information:                       c:\max2work\lab4\device.rpt
device

** INPUTS **

                                         Shareable
                                         Expanders     Fan-In    Fan-Out
 Pin     LC  LAB  Primitive    Code   Total Shared n/a INP  FBK  OUT  FBK  Name
   4    (1)  (A)      INPUT               0      0   0    0    0    8   13  A0
   5    (2)  (A)      INPUT               0      0   0    0    0    8   13  A1
   6    (3)  (A)      INPUT               0      0   0    0    0    8    9  A2
  43      -   -       INPUT  G            0      0   0    0    0    0    0  clk
  28     28    B      BIDIR               1      0   1    5    5    0    2  io0
  27     29    B      BIDIR               2      0   1    5    5    0    2  io1
  26     30    B      BIDIR               1      0   1    5    5    0    2  io2
  25     31    B      BIDIR               3      0   1    5    5    0    2  io3
  24     32    B      BIDIR               1      0   1    5    5    0    1  io4
  21     16    A      BIDIR               2      0   1    5    5    0    1  io5
  20     15    A      BIDIR               3      0   1    5    5    0    1  io6
  19     14    A      BIDIR               0      0   0    5    1    0    1  io7
  39   (19)  (B)      INPUT               0      0   0    0    0    0    8  load
   8    (5)  (A)      INPUT               0      0   0    0    0    8    9  oe
   9    (6)  (A)      INPUT               0      0   0    0    0    8    5  oe1


Code:

s = Synthesized pin or logic cell
t = Turbo logic cell
+ = Synchronous flipflop
/ = Slow slew-rate output
! = NOT gate push-back
r = Fitter-inserted logic cell
G = Global Source. Fan-out destinations counted here do not include destinations
that are driven using global routing resources. Refer to the Auto Global Signals,
Clock Signals, Clear Signals, Synchronous Load Signals, and Synchronous Clear Signals
Sections of this Report File for information on which signals' fan-outs are used as
Clock, Clear, Preset, Output Enable, and synchronous Load signals.


Device-Specific Information:                       c:\max2work\lab4\device.rpt
device

** OUTPUTS **

                                         Shareable
                                         Expanders     Fan-In    Fan-Out
 Pin     LC  LAB  Primitive    Code   Total Shared n/a INP  FBK  OUT  FBK  Name
  28     28    B        TRI      t        1      0   1    5    5    0    2  io0
  27     29    B        TRI      t        2      0   1    5    5    0    2  io1
  26     30    B        TRI      t        1      0   1    5    5    0    2  io2
  25     31    B        TRI      t        3      0   1    5    5    0    2  io3
  24     32    B        TRI      t        1      0   1    5    5    0    1  io4
  21     16    A        TRI      t        2      0   1    5    5    0    1  io5
  20     15    A        TRI      t        3      0   1    5    5    0    1  io6
  19     14    A        TRI      t        0      0   0    5    1    0    1  io7


Code:

s = Synthesized pin or logic cell
t = Turbo logic cell
+ = Synchronous flipflop
/ = Slow slew-rate output
! = NOT gate push-back
r = Fitter-inserted logic cell


Device-Specific Information:                       c:\max2work\lab4\device.rpt
device

** BURIED LOGIC **

                                         Shareable
                                         Expanders     Fan-In    Fan-Out
 Pin     LC  LAB  Primitive    Code   Total Shared n/a INP  FBK  OUT  FBK  Name
 (41)    17    B       SOFT    s t        4      1   0    5    0    0    0  io7~1
 (33)    24    B       DFFE   +  t        2      2   0    5    2    1    1  |register:18|ff0
 (37)    21    B       DFFE   +  t        2      2   0    5    2    1    1  |register:18|ff1
 (29)    27    B       DFFE   +  t        2      2   0    5    2    1    1  |register:18|ff2
 (31)    26    B       DFFE   +  t        2      2   0    5    2    1    1  |register:18|ff3
  (4)     1    A       DFFE   +  t        2      2   0    5    2    1    1  |register:18|ff4
   -     12    A       DFFE   +  t        2      2   0    5    2    1    1  |register:18|ff5
  (7)     4    A       DFFE   +  t        2      2   0    5    2    1    1  |register:18|ff6
   -     22    B       DFFE   +  t        2      2   0    5    2    1    1  |register:18|ff7
 (40)    18    B       DFFE   +  t        0      0   0    3    1    7    0  |7segm:20|tt0
 (32)    25    B       DFFE   +  t        0      0   0    3    1    7    0  |7segm:20|tt1
 (38)    20    B       DFFE   +  t        0      0   0    3    1    7    0  |7segm:20|tt2
 (39)    19    B       DFFE   +  t        0      0   0    3    1    7    0  |7segm:20|tt3


Code:

s = Synthesized pin or logic cell
t = Turbo logic cell
+ = Synchronous flipflop
/ = Slow slew-rate output
! = NOT gate push-back
r = Fitter-inserted logic cell


Device-Specific Information:                       c:\max2work\lab4\device.rpt
device

** LOGIC CELL INTERCONNECTIONS **

Logic Array Block 'A':

                     Logic cells placed in LAB 'A'
        +----------- LC16 io5
        | +--------- LC15 io6
        | | +------- LC14 io7
        | | | +----- LC1 |register:18|ff4
        | | | | +--- LC12 |register:18|ff5
        | | | | | +- LC4 |register:18|ff6
        | | | | | | 
        | | | | | |   Other LABs fed by signals
        | | | | | |   that feed LAB 'A'
LC      | | | | | | | A B |     Logic cells that feed LAB 'A':
LC16 -> - - - - * - | * - | <-- io5
LC15 -> - - - - - * | * - | <-- io6
LC12 -> * - - * - - | * - | <-- |register:18|ff5
LC4  -> - * - - * - | * - | <-- |register:18|ff6

Pin
4    -> * * * * * * | * * | <-- A0
5    -> * * * * * * | * * | <-- A1
6    -> * * * * * * | * * | <-- A2
43   -> - - - - - - | - - | <-- clk
39   -> - - - * * * | * * | <-- load
8    -> * * * * * * | * * | <-- oe
9    -> * * * - - - | * * | <-- oe1
LC32 -> - - - * - - | * - | <-- io4
LC22 -> - - * - - * | * - | <-- |register:18|ff7
LC18 -> * * - - - - | * * | <-- |7segm:20|tt0
LC25 -> * * - - - - | * * | <-- |7segm:20|tt1
LC20 -> * * - - - - | * * | <-- |7segm:20|tt2
LC19 -> * * - - - - | * * | <-- |7segm:20|tt3


* = The logic cell or pin is an input to the logic cell (or LAB) through the PIA.
- = The logic cell or pin is not an input to the logic cell (or LAB).


Device-Specific Information:                       c:\max2work\lab4\device.rpt
device

** LOGIC CELL INTERCONNECTIONS **

Logic Array Block 'B':

                                       Logic cells placed in LAB 'B'
        +----------------------------- LC28 io0
        | +--------------------------- LC29 io1
        | | +------------------------- LC30 io2
        | | | +----------------------- LC31 io3
        | | | | +--------------------- LC32 io4
        | | | | | +------------------- LC17 io7~1
        | | | | | | +----------------- LC24 |register:18|ff0
        | | | | | | | +--------------- LC21 |register:18|ff1
        | | | | | | | | +------------- LC27 |register:18|ff2
        | | | | | | | | | +----------- LC26 |register:18|ff3
        | | | | | | | | | | +--------- LC22 |register:18|ff7
        | | | | | | | | | | | +------- LC18 |7segm:20|tt0
        | | | | | | | | | | | | +----- LC25 |7segm:20|tt1
        | | | | | | | | | | | | | +--- LC20 |7segm:20|tt2
        | | | | | | | | | | | | | | +- LC19 |7segm:20|tt3
        | | | | | | | | | | | | | | | 
        | | | | | | | | | | | | | | |   Other LABs fed by signals
        | | | | | | | | | | | | | | |   that feed LAB 'B'
LC      | | | | | | | | | | | | | | | | A B |     Logic cells that feed LAB 'B':
LC28 -> - - - - - - * - - - - * - - - | - * | <-- io0
LC29 -> - - - - - - - * - - - - * - - | - * | <-- io1
LC30 -> - - - - - - - - * - - - - * - | - * | <-- io2
LC31 -> - - - - - - - - - * - - - - * | - * | <-- io3
LC24 -> * - - - - - - - - - * - - - - | - * | <-- |register:18|ff0
LC21 -> - * - - - - * - - - - - - - - | - * | <-- |register:18|ff1
LC27 -> - - * - - - - * - - - - - - - | - * | <-- |register:18|ff2
LC26 -> - - - * - - - - * - - - - - - | - * | <-- |register:18|ff3
LC18 -> * * * * * - - - - - - - - - - | * * | <-- |7segm:20|tt0
LC25 -> * * * * * - - - - - - - - - - | * * | <-- |7segm:20|tt1
LC20 -> * * * * * - - - - - - - - - - | * * | <-- |7segm:20|tt2
LC19 -> * * * * * - - - - - - - - - - | * * | <-- |7segm:20|tt3

Pin
4    -> * * * * * * * * * * * * * * * | * * | <-- A0
5    -> * * * * * * * * * * * * * * * | * * | <-- A1
6    -> * * * * * * * * * * * - - - - | * * | <-- A2
43   -> - - - - - - - - - - - - - - - | - - | <-- clk
39   -> - - - - - - * * * * * - - - - | * * | <-- load
8    -> * * * * * * * * * * * - - - - | * * | <-- oe
9    -> * * * * * * - - - - - * * * * | * * | <-- oe1
LC14 -> - - - - - - - - - - * - - - - | - * | <-- io7
LC1  -> - - - - * - - - - * - - - - - | - * | <-- |register:18|ff4


* = The logic cell or pin is an input to the logic cell (or LAB) through the PIA.
- = The logic cell or pin is not an input to the logic cell (or LAB).


Device-Specific Information:                       c:\max2work\lab4\device.rpt
device

** EQUATIONS **

A0       : INPUT;
A1       : INPUT;
A2       : INPUT;
clk      : INPUT;
load     : INPUT;
oe       : INPUT;
oe1      : INPUT;

-- Node name is 'io0' 
-- Equation name is 'io0', location is LC028, type is bidir.
io0      = TRI(_LC028,  _LC017);
_LC028   = LCELL( _EQ001 $  VCC);
  _EQ001 =  A0 & !A1 &  _LC018 & !_LC019 &  _LC020 &  _LC025 &  oe1
         #  A0 & !A1 & !_LC018 &  _LC019 &  _LC020 & !_LC025 &  oe1
         #  A0 & !A1 & !_LC019 & !_LC020 & !_LC025 &  oe1
         # !A0 & !A2 & !_LC024 &  oe
         #  A1 & !_LC024 &  oe;

-- Node name is 'io1' 
-- Equation name is 'io1', location is LC029, type is bidir.
io1      = TRI(_LC029,  _LC017);
_LC029   = LCELL( _EQ002 $  VCC);
  _EQ002 =  A0 & !A1 &  _LC018 &  _LC019 &  _LC020 & !_LC025 &  oe1
         #  A0 & !A1 &  _LC018 & !_LC019 &  oe1 &  _X001
         #  A0 & !A1 & !_LC019 & !_LC020 &  _LC025 &  oe1
         # !A0 & !A2 & !_LC021 &  oe
         #  A1 & !_LC021 &  oe;
  _X001  = EXP( _LC020 & !_LC025);

-- Node name is 'io2' 
-- Equation name is 'io2', location is LC030, type is bidir.
io2      = TRI(_LC030,  _LC017);
_LC030   = LCELL( _EQ003 $  VCC);
  _EQ003 =  A0 & !A1 &  _LC018 & !_LC020 & !_LC025 &  oe1
         #  A0 & !A1 & !_LC019 &  _LC020 & !_LC025 &  oe1
         #  A0 & !A1 &  _LC018 & !_LC019 &  oe1
         # !A0 & !A2 & !_LC027 &  oe
         #  A1 & !_LC027 &  oe;

-- Node name is 'io3' 
-- Equation name is 'io3', location is LC031, type is bidir.
io3      = TRI(_LC031,  _LC017);
_LC031   = LCELL( _EQ004 $  _EQ005);
  _EQ004 =  A0 & !A1 & !_LC018 &  _LC019 & !_LC020 &  _LC025 &  oe1 &  _X002 & 
              _X003
         #  A0 & !A1 &  _LC018 & !_LC019 & !_LC020 & !_LC025 &  oe1 &  _X002 & 
              _X003
         #  A0 & !A1 & !_LC018 & !_LC019 &  _LC020 & !_LC025 &  oe1 &  _X002 & 
              _X003
         #  A0 & !A1 &  _LC018 &  _LC020 &  _LC025 &  oe1 &  _X002 &  _X003;
  _X002  = EXP( A1 & !_LC026 &  oe);
  _X003  = EXP(!A0 & !A2 & !_LC026 &  oe);
  _EQ005 =  _X002 &  _X003;
  _X002  = EXP( A1 & !_LC026 &  oe);
  _X003  = EXP(!A0 & !A2 & !_LC026 &  oe);

-- Node name is 'io4' 
-- Equation name is 'io4', location is LC032, type is bidir.
io4      = TRI(_LC032,  _LC017);
_LC032   = LCELL( _EQ006 $  VCC);
  _EQ006 =  A0 & !A1 & !_LC018 & !_LC019 & !_LC020 &  _LC025 &  oe1
         #  A0 & !A1 &  _LC019 &  _LC020 &  _LC025 &  oe1
         #  A0 & !A1 & !_LC018 &  _LC019 &  _LC020 &  oe1
         # !A0 & !A2 & !_LC001 &  oe
         #  A1 & !_LC001 &  oe;

-- Node name is 'io5' 
-- Equation name is 'io5', location is LC016, type is bidir.
io5      = TRI(_LC016,  _LC017);
_LC016   = LCELL( _EQ007 $  VCC);
  _EQ007 =  A0 & !A1 &  _LC018 & !_LC019 &  _LC020 & !_LC025 &  oe1
         #  A0 & !A1 &  _LC018 &  _LC019 &  _LC025 &  oe1
         #  A0 & !A1 & !_LC018 &  _LC020 &  oe1 &  _X004
         # !A0 & !A2 & !_LC012 &  oe
         #  A1 & !_LC012 &  oe;
  _X004  = EXP(!_LC019 & !_LC025);

-- Node name is 'io6' 
-- Equation name is 'io6', location is LC015, type is bidir.
io6      = TRI(_LC015,  _LC017);
_LC015   = LCELL( _EQ008 $  _EQ009);
  _EQ008 =  A0 & !A1 &  _LC018 &  _LC019 &  _LC020 & !_LC025 &  oe1 &  _X005 & 
              _X006
         #  A0 & !A1 &  _LC018 &  _LC019 & !_LC020 &  _LC025 &  oe1 &  _X005 & 
              _X006
         #  A0 & !A1 &  _LC018 & !_LC019 & !_LC020 & !_LC025 &  oe1 &  _X005 & 
              _X006
         #  A0 & !A1 & !_LC018 & !_LC019 &  _LC020 & !_LC025 &  oe1 &  _X005 & 
              _X006;
  _X005  = EXP( A1 & !_LC004 &  oe);
  _X006  = EXP(!A0 & !A2 & !_LC004 &  oe);
  _EQ009 =  _X005 &  _X006;
  _X005  = EXP( A1 & !_LC004 &  oe);
  _X006  = EXP(!A0 & !A2 & !_LC004 &  oe);

-- Node name is 'io7~1' 
-- Equation name is 'io7~1', location is LC017, type is buried.
-- synthesized logic cell 
_LC017   = LCELL( _EQ010 $  GND);
  _EQ010 =  _X007 &  _X008 &  _X009 &  _X010;
  _X007  = EXP(!A0 & !A1 &  A2);
  _X008  = EXP( A0 & !A1 & !oe1);
  _X009  = EXP( A1 & !oe);
  _X010  = EXP(!A0 & !oe);

-- Node name is 'io7' 
-- Equation name is 'io7', location is LC014, type is bidir.
io7      = TRI(_LC014,  _LC017);
_LC014   = LCELL( _EQ011 $  VCC);
  _EQ011 = !A0 & !A2 & !_LC022 &  oe
         #  A0 & !A1 &  oe1
         #  A1 & !_LC022 &  oe;

-- Node name is '|register:18|ff0' from file "register.tdf" line 9, column 4
-- Equation name is '_LC024', type is buried 
_LC024   = DFFE( _EQ012 $  GND, GLOBAL( clk),  VCC,  VCC,  _EQ013);
  _EQ012 =  io0 &  load
         #  _LC021 & !load;
  _EQ013 = !oe &  _X007 &  _X011;
  _X007  = EXP(!A0 & !A1 &  A2);
  _X011  = EXP( A0 & !A1);

-- Node name is '|register:18|ff1' from file "register.tdf" line 9, column 4
-- Equation name is '_LC021', type is buried 
_LC021   = DFFE( _EQ014 $  GND, GLOBAL( clk),  VCC,  VCC,  _EQ015);
  _EQ014 =  io1 &  load
         #  _LC027 & !load;
  _EQ015 = !oe &  _X007 &  _X011;
  _X007  = EXP(!A0 & !A1 &  A2);
  _X011  = EXP( A0 & !A1);

-- Node name is '|register:18|ff2' from file "register.tdf" line 9, column 4
-- Equation name is '_LC027', type is buried 
_LC027   = DFFE( _EQ016 $  GND, GLOBAL( clk),  VCC,  VCC,  _EQ017);
  _EQ016 =  io2 &  load
         #  _LC026 & !load;
  _EQ017 = !oe &  _X007 &  _X011;
  _X007  = EXP(!A0 & !A1 &  A2);
  _X011  = EXP( A0 & !A1);

-- Node name is '|register:18|ff3' from file "register.tdf" line 9, column 4
-- Equation name is '_LC026', type is buried 
_LC026   = DFFE( _EQ018 $  GND, GLOBAL( clk),  VCC,  VCC,  _EQ019);
  _EQ018 =  io3 &  load
         #  _LC001 & !load;
  _EQ019 = !oe &  _X007 &  _X011;
  _X007  = EXP(!A0 & !A1 &  A2);
  _X011  = EXP( A0 & !A1);

-- Node name is '|register:18|ff4' from file "register.tdf" line 9, column 4
-- Equation name is '_LC001', type is buried 
_LC001   = DFFE( _EQ020 $  GND, GLOBAL( clk),  VCC,  VCC,  _EQ021);
  _EQ020 =  io4 &  load
         #  _LC012 & !load;
  _EQ021 = !oe &  _X007 &  _X011;
  _X007  = EXP(!A0 & !A1 &  A2);
  _X011  = EXP( A0 & !A1);

-- Node name is '|register:18|ff5' from file "register.tdf" line 9, column 4
-- Equation name is '_LC012', type is buried 
_LC012   = DFFE( _EQ022 $  GND, GLOBAL( clk),  VCC,  VCC,  _EQ023);
  _EQ022 =  io5 &  load
         #  _LC004 & !load;
  _EQ023 = !oe &  _X007 &  _X011;
  _X007  = EXP(!A0 & !A1 &  A2);
  _X011  = EXP( A0 & !A1);

-- Node name is '|register:18|ff6' from file "register.tdf" line 9, column 4
-- Equation name is '_LC004', type is buried 
_LC004   = DFFE( _EQ024 $  GND, GLOBAL( clk),  VCC,  VCC,  _EQ025);
  _EQ024 =  io6 &  load
         #  _LC022 & !load;
  _EQ025 = !oe &  _X007 &  _X011;
  _X007  = EXP(!A0 & !A1 &  A2);
  _X011  = EXP( A0 & !A1);

-- Node name is '|register:18|ff7' from file "register.tdf" line 9, column 4
-- Equation name is '_LC022', type is buried 
_LC022   = DFFE( _EQ026 $  GND, GLOBAL( clk),  VCC,  VCC,  _EQ027);
  _EQ026 =  io7 &  load
         #  _LC024 & !load;
  _EQ027 = !oe &  _X007 &  _X011;
  _X007  = EXP(!A0 & !A1 &  A2);
  _X011  = EXP( A0 & !A1);

-- Node name is '|7segm:20|tt0' from file "7segm.tdf" line 9, column 4
-- Equation name is '_LC018', type is buried 
_LC018   = DFFE( io0 $  GND, GLOBAL( clk),  VCC,  VCC,  _EQ028);
  _EQ028 =  A0 & !A1 & !oe1;

-- Node name is '|7segm:20|tt1' from file "7segm.tdf" line 9, column 4
-- Equation name is '_LC025', type is buried 
_LC025   = DFFE( io1 $  GND, GLOBAL( clk),  VCC,  VCC,  _EQ029);
  _EQ029 =  A0 & !A1 & !oe1;

-- Node name is '|7segm:20|tt2' from file "7segm.tdf" line 9, column 4
-- Equation name is '_LC020', type is buried 
_LC020   = DFFE( io2 $  GND, GLOBAL( clk),  VCC,  VCC,  _EQ030);
  _EQ030 =  A0 & !A1 & !oe1;

-- Node name is '|7segm:20|tt3' from file "7segm.tdf" line 9, column 4
-- Equation name is '_LC019', type is buried 
_LC019   = DFFE( io3 $  GND, GLOBAL( clk),  VCC,  VCC,  _EQ031);
  _EQ031 =  A0 & !A1 & !oe1;



--     Shareable expanders that are duplicated in multiple LABs:
--    _X007 occurs in LABs A, B
--    _X011 occurs in LABs A, B




Project Information                                c:\max2work\lab4\device.rpt

** COMPILATION SETTINGS & TIMES **

Processing Menu Commands
------------------------

Design Doctor                             = off

Logic Synthesis:

   Synthesis Type Used                    = Standard

   Default Synthesis Style                = NORMAL

      Logic option settings in 'NORMAL' style for 'MAX3000A' family

      DECOMPOSE_GATES                     = on
      DUPLICATE_LOGIC_EXTRACTION          = on
      MINIMIZATION                        = full
      MULTI_LEVEL_FACTORING               = on
      NOT_GATE_PUSH_BACK                  = on
      PARALLEL_EXPANDERS                  = off
      REDUCE_LOGIC                        = on
      REFACTORIZATION                     = on
      REGISTER_OPTIMIZATION               = on
      RESYNTHESIZE_NETWORK                = on
      SLOW_SLEW_RATE                      = off
      SOFT_BUFFER_INSERTION               = on
      SUBFACTOR_EXTRACTION                = on
      TURBO_BIT                           = on
      XOR_SYNTHESIS                       = on
      IGNORE_SOFT_BUFFERS                 = off
      USE_LPM_FOR_AHDL_OPERATORS          = off

   Other logic synthesis settings:

      Automatic Global Clock              = on
      Automatic Global Clear              = on
      Automatic Global Preset             = on
      Automatic Global Output Enable      = on
      Automatic Fast I/O                  = off
      Automatic Register Packing          = off
      Automatic Open-Drain Pins           = on
      Automatic Implement in EAB          = off
      One-Hot State Machine Encoding      = off
      Optimize                            = 5

Default Timing Specifications: None

Cut All Bidir Feedback Timing Paths       = on
Cut All Clear & Preset Timing Paths       = on

Ignore Timing Assignments                 = off

Functional SNF Extractor                  = off

Linked SNF Extractor                      = off
Timing SNF Extractor                      = on
Optimize Timing SNF                       = off
Generate AHDL TDO File                    = off
Fitter Settings                           = NORMAL
Smart Recompile                           = off
Total Recompile                           = off

Interfaces Menu Commands
------------------------

EDIF Netlist Writer                       = off
Verilog Netlist Writer                    = off
VHDL Netlist Writer                       = off

Compilation Times
-----------------

   Compiler Netlist Extractor             00:00:00
   Database Builder                       00:00:00
   Logic Synthesizer                      00:00:00
   Partitioner                            00:00:00
   Fitter                                 00:00:00
   Timing SNF Extractor                   00:00:00
   Assembler                              00:00:00
   --------------------------             --------
   Total Time                             00:00:00


Memory Allocated
-----------------

Peak memory allocated during compilation  = 3,370K
