MACRO ASSEMBLER SUB5                                        10/28/123 11:46:46 PAGE     1


WIN32 MACRO ASSEMBLER A51 V6.03.08
OBJECT MODULE PLACED IN Y:\лаб1\1\SUB5.OBJ
ASSEMBLER INVOKED BY: A51.EXE Y:\лаб1\1\SUB5.ASM OJ(Y:\лаб1\1\SUB5.OBJ) PIN(C:\FSI\INC) EP LINES PR(Y:\лаб1\1\SUB5.LST) XR DB PW(80) RB(0) 

LOC     OBJ           LINE    SOURCE
                         1    NAME ADDFIVE
                         2    MAIN SEGMENT CODE 
------                   3    CSEG AT 0
0000    020000   F       4    LJMP START
                         5    USING 0
------                   6    RSEG MAIN 
                         7    ; Написать программу вычитания из числа, находящегося во внешней
                         8    ; памяти данных МК, числа 5. Результат поместить во внутреннюю па-
                         9    ; мять данных, используя косвенную адресацию.START: 
                        10    START:  
0000    900020          11    	MOV DPTR, #0020H
0003    E0              12    	MOVX A, @DPTR
0004    C3              13    	CLR C
0005    9405            14    	SUBB A, #5H
0007    F540            15    	MOV 40H, A
                        16    END
MACRO ASSEMBLER SUB5                                        10/28/123 11:46:46 PAGE     2


SYMBOL TABLE LISTING
------ ----- -------


N A M E             T Y P E  V A L U E   ATTRIBUTES             REFERENCES

MAIN . . . . . . .  C SEG    0009H      REL=UNIT                6# 
START. . . . . . .  C ADDR   0000H   R  SEG=MAIN                4 10# 
ADDFIVE. . . . . .  N NUMB   -----



MODULE INFORMATION:   STATIC OVERLAYABLE
   CODE SIZE        =     12    ----
   XDATA SIZE       =   ----    ----
   DATA SIZE        =   ----    ----
   IDATA SIZE       =   ----    ----
   BIT SIZE         =   ----    ----
END OF MODULE INFORMATION.


REGISTER BANK(S) USED : 0 

ASSEMBLY COMPLETE.   0 WARNING(S)   0 ERROR(S)
