Project Information                            c:\max2work\mod_ind\mod_ind.rpt

MAX+plus II Compiler Report File
Version 10.2 07/10/2002
Compiled: 02/07/2023 08:00:55

Copyright (C) 1988-2002 Altera Corporation
Any megafunction design, and related net list (encrypted or decrypted),
support information, device programming or simulation file, and any other
associated documentation or information provided by Altera or a partner
under Altera's Megafunction Partnership Program may be used only to
program PLD devices (but not masked PLD devices) from Altera.  Any other
use of such megafunction design, net list, support information, device
programming or simulation file, or any other related documentation or
information is prohibited for any other purpose, including, but not
limited to modification, reverse engineering, de-compiling, or use with
any other silicon devices, unless such use is explicitly licensed under
a separate agreement with Altera or a megafunction partner.  Title to
the intellectual property, including patents, copyrights, trademarks,
trade secrets, or maskworks, embodied in any such megafunction design,
net list, support information, device programming or simulation file, or
any other related documentation or information provided by Altera or a
megafunction partner, remains with Altera, the megafunction partner, or
their respective licensors.  No other licenses, including any licenses
needed under any third party's intellectual property, are provided herein.



***** Project compilation was successful




** DEVICE SUMMARY **

Chip/                     Input   Output   Bidir         Shareable
POF       Device          Pins    Pins     Pins     LCs  Expanders  % Utilized

mod_ind   EPM7064SLC84-5   25       14       0      22      0           34 %

User Pins:                 25       14       0  



Project Information                            c:\max2work\mod_ind\mod_ind.rpt

** FILE HIERARCHY **



|conv_bin_hex:2|
|conv_bin_hex:4|
|write_port:3|
|74374:48|


Device-Specific Information:                   c:\max2work\mod_ind\mod_ind.rpt
mod_ind

***** Logic for device 'mod_ind' compiled without errors.




Device: EPM7064SLC84-5

Device Options:
    Turbo Bit                                    = ON
    Security Bit                                 = OFF
    Enable JTAG Support                        = ON
    User Code                                  = ffff
    MultiVolt I/O                              = OFF

                                                        R                 R  
                                                        E                 E  
                                      V                 S                 S  
                                      C                 E        V        E  
                                      C                 R        C        R  
                       /  G  A  A     I  G  G  G  G  G  V  /  /  C  /  /  V  
              D  D  D  W  N  1  1  A  N  N  N  N  N  N  E  d  b  I  e  c  E  
              5  6  7  R  D  3  2  6  T  D  D  D  D  D  D  1  1  O  1  1  D  
            -----------------------------------------------------------------_ 
          /  11 10  9  8  7  6  5  4  3  2  1 84 83 82 81 80 79 78 77 76 75   | 
      D4 | 12                                                              74 | RESERVED 
   VCCIO | 13                                                              73 | RESERVED 
    #TDI | 14                                                              72 | GND 
      D3 | 15                                                              71 | #TDO 
      D2 | 16                                                              70 | RESERVED 
      A0 | 17                                                              69 | /f1 
      D1 | 18                                                              68 | RESERVED 
     GND | 19                                                              67 | RESERVED 
      D0 | 20                                                              66 | VCCIO 
     A15 | 21                                                              65 | /a1 
     A14 | 22                        EPM7064SLC84-5                        64 | RESERVED 
    #TMS | 23                                                              63 | /g1 
RESERVED | 24                                                              62 | #TCK 
      A7 | 25                                                              61 | RESERVED 
   VCCIO | 26                                                              60 | RESERVED 
      A2 | 27                                                              59 | GND 
RESERVED | 28                                                              58 | RESERVED 
RESERVED | 29                                                              57 | RESERVED 
      A3 | 30                                                              56 | RESERVED 
      A4 | 31                                                              55 | RESERVED 
     GND | 32                                                              54 | /c2 
         |_  33 34 35 36 37 38 39 40 41 42 43 44 45 46 47 48 49 50 51 52 53  _| 
           ------------------------------------------------------------------ 
              R  R  A  R  R  V  A  A  A  G  V  A  A  /  G  /  /  /  /  /  V  
              E  E  5  E  E  C  8  9  1  N  C  1  1  f  N  g  a  d  b  e  C  
              S  S     S  S  C        1  D  C     0  2  D  2  2  2  2  2  C  
              E  E     E  E  I              I                             I  
              R  R     R  R  O              N                             O  
              V  V     V  V                 T                                
              E  E     E  E                                                  
              D  D     D  D                                                  


N.C. = No Connect. This pin has no internal connection to the device.
VCCINT = Dedicated power pin, which MUST be connected to VCC (5.0 volts).
VCCIO = Dedicated power pin, which MUST be connected to VCC (5.0 volts).
GND = Dedicated ground pin or unused dedicated input, which MUST be connected to GND.
RESERVED = Unused I/O pin, which MUST be left unconnected.

^ = Dedicated configuration pin.
+ = Reserved configuration pin, which is tri-stated during user mode.
* = Reserved configuration pin, which drives out in user mode.
PDn = Power Down pin. 
@ = Special-purpose pin. 
# = JTAG Boundary-Scan Testing/In-System Programming or Configuration Pin. The JTAG inputs TMS and TDI should be tied to VCC and TCK should be tied to GND when not in use.
& = JTAG pin used for I/O. When used as user I/O, JTAG pins must be kept stable before and during configuration.  JTAG pin stability prevents accidental loading of JTAG instructions.


Device-Specific Information:                   c:\max2work\mod_ind\mod_ind.rpt
mod_ind

** RESOURCE USAGE **

                                                Shareable     External
Logic Array Block     Logic Cells   I/O Pins    Expanders   Interconnect

A:     LC1 - LC16     0/16(  0%)  16/16(100%)   0/16(  0%)   0/36(  0%) 
B:    LC17 - LC32     0/16(  0%)   9/16( 56%)   0/16(  0%)   0/36(  0%) 
C:    LC33 - LC48     7/16( 43%)  10/16( 62%)   0/16(  0%)   4/36( 11%) 
D:    LC49 - LC64    15/16( 93%)   8/16( 50%)   0/16(  0%)  29/36( 80%) 


Total dedicated input pins used:                 0/4      (  0%)
Total I/O pins used:                            43/64     ( 67%)
Total logic cells used:                         22/64     ( 34%)
Total shareable expanders used:                  0/64     (  0%)
Total Turbo logic cells used:                   22/64     ( 34%)
Total shareable expanders not available (n/a):   0/64     (  0%)
Average fan-in:                                  9.09
Total fan-in:                                   200

Total input pins required:                      25
Total fast input logic cells required:           0
Total output pins required:                     14
Total bidirectional pins required:               0
Total reserved pins required                     4
Total logic cells required:                     22
Total flipflops required:                        8
Total product terms required:                   66
Total logic cells lending parallel expanders:    0
Total shareable expanders in database:           0

Synthesized logic cells:                         0/  64   (  0%)



Device-Specific Information:                   c:\max2work\mod_ind\mod_ind.rpt
mod_ind

** INPUTS **

                                         Shareable
                                         Expanders     Fan-In    Fan-Out
 Pin     LC  LAB  Primitive    Code   Total Shared n/a INP  FBK  OUT  FBK  Name
  17    (5)  (A)      INPUT               0      0   0    0    0    0    8  A0
  44   (33)  (C)      INPUT               0      0   0    0    0    0    8  A1
  27   (29)  (B)      INPUT               0      0   0    0    0    0    8  A2
  30   (26)  (B)      INPUT               0      0   0    0    0    0    8  A3
  31   (25)  (B)      INPUT               0      0   0    0    0    0    8  A4
  35   (22)  (B)      INPUT               0      0   0    0    0    0    8  A5
   4   (16)  (A)      INPUT               0      0   0    0    0    0    8  A6
  25   (30)  (B)      INPUT               0      0   0    0    0    0    8  A7
  39   (19)  (B)      INPUT               0      0   0    0    0    0    8  A8
  40   (18)  (B)      INPUT               0      0   0    0    0    0    8  A9
  45   (34)  (C)      INPUT               0      0   0    0    0    0    8  A10
  41   (17)  (B)      INPUT               0      0   0    0    0    0    8  A11
   5   (15)  (A)      INPUT               0      0   0    0    0    0    8  A12
   6   (14)  (A)      INPUT               0      0   0    0    0    0    8  A13
  22    (1)  (A)      INPUT               0      0   0    0    0    0    8  A14
  21    (2)  (A)      INPUT               0      0   0    0    0    0    8  A15
  20    (3)  (A)      INPUT               0      0   0    0    0    0    1  D0
  18    (4)  (A)      INPUT               0      0   0    0    0    0    1  D1
  16    (6)  (A)      INPUT               0      0   0    0    0    0    1  D2
  15    (7)  (A)      INPUT               0      0   0    0    0    0    1  D3
  12    (9)  (A)      INPUT               0      0   0    0    0    0    1  D4
  11   (10)  (A)      INPUT               0      0   0    0    0    0    1  D5
  10   (11)  (A)      INPUT               0      0   0    0    0    0    1  D6
   9   (12)  (A)      INPUT               0      0   0    0    0    0    1  D7
   8   (13)  (A)      INPUT               0      0   0    0    0    0    8  /WR


Code:

s = Synthesized pin or logic cell
t = Turbo logic cell
+ = Synchronous flipflop
/ = Slow slew-rate output
! = NOT gate push-back
r = Fitter-inserted logic cell


Device-Specific Information:                   c:\max2work\mod_ind\mod_ind.rpt
mod_ind

** OUTPUTS **

                                         Shareable
                                         Expanders     Fan-In    Fan-Out
 Pin     LC  LAB  Primitive    Code   Total Shared n/a INP  FBK  OUT  FBK  Name
  65     51    D     OUTPUT      t        0      0   0    0    4    0    0  /a1
  49     37    C     OUTPUT      t        0      0   0    0    4    0    0  /a2
  79     62    D     OUTPUT      t        0      0   0    0    4    0    0  /b1
  51     39    C     OUTPUT      t        0      0   0    0    4    0    0  /b2
  76     60    D     OUTPUT      t        0      0   0    0    4    0    0  /c1
  54     41    C     OUTPUT      t        0      0   0    0    4    0    0  /c2
  80     63    D     OUTPUT      t        0      0   0    0    4    0    0  /d1
  50     38    C     OUTPUT      t        0      0   0    0    4    0    0  /d2
  77     61    D     OUTPUT      t        0      0   0    0    4    0    0  /e1
  52     40    C     OUTPUT      t        0      0   0    0    4    0    0  /e2
  69     54    D     OUTPUT      t        0      0   0    0    4    0    0  /f1
  46     35    C     OUTPUT      t        0      0   0    0    4    0    0  /f2
  63     49    D     OUTPUT      t        0      0   0    0    4    0    0  /g1
  48     36    C     OUTPUT      t        0      0   0    0    4    0    0  /g2


Code:

s = Synthesized pin or logic cell
t = Turbo logic cell
+ = Synchronous flipflop
/ = Slow slew-rate output
! = NOT gate push-back
r = Fitter-inserted logic cell


Device-Specific Information:                   c:\max2work\mod_ind\mod_ind.rpt
mod_ind

** BURIED LOGIC **

                                         Shareable
                                         Expanders     Fan-In    Fan-Out
 Pin     LC  LAB  Primitive    Code   Total Shared n/a INP  FBK  OUT  FBK  Name
 (64)    50    D       DFFE      t        0      0   0   18    0    7    0  |74374:48|:13
 (75)    59    D       DFFE      t        0      0   0   18    0    7    0  |74374:48|:14
 (74)    58    D       DFFE      t        0      0   0   18    0    7    0  |74374:48|:15
 (73)    57    D       DFFE      t        0      0   0   18    0    7    0  |74374:48|:16
 (71)    56    D       DFFE      t        0      0   0   18    0    7    0  |74374:48|:17
 (70)    55    D       DFFE      t        0      0   0   18    0    7    0  |74374:48|:18
 (68)    53    D       DFFE      t        0      0   0   18    0    7    0  |74374:48|:19
 (67)    52    D       DFFE      t        0      0   0   18    0    7    0  |74374:48|:20


Code:

s = Synthesized pin or logic cell
t = Turbo logic cell
+ = Synchronous flipflop
/ = Slow slew-rate output
! = NOT gate push-back
r = Fitter-inserted logic cell


Device-Specific Information:                   c:\max2work\mod_ind\mod_ind.rpt
mod_ind

** LOGIC CELL INTERCONNECTIONS **

Logic Array Block 'C':

                       Logic cells placed in LAB 'C'
        +------------- LC37 /a2
        | +----------- LC39 /b2
        | | +--------- LC41 /c2
        | | | +------- LC38 /d2
        | | | | +----- LC40 /e2
        | | | | | +--- LC35 /f2
        | | | | | | +- LC36 /g2
        | | | | | | | 
        | | | | | | |   Other LABs fed by signals
        | | | | | | |   that feed LAB 'C'
LC      | | | | | | | | A B C D |     Logic cells that feed LAB 'C':

Pin
LC56 -> * * * * * * * | - - * - | <-- |74374:48|:17
LC55 -> * * * * * * * | - - * - | <-- |74374:48|:18
LC53 -> * * * * * * * | - - * - | <-- |74374:48|:19
LC52 -> * * * * * * * | - - * - | <-- |74374:48|:20


* = The logic cell or pin is an input to the logic cell (or LAB) through the PIA.
- = The logic cell or pin is not an input to the logic cell (or LAB).


Device-Specific Information:                   c:\max2work\mod_ind\mod_ind.rpt
mod_ind

** LOGIC CELL INTERCONNECTIONS **

Logic Array Block 'D':

                                       Logic cells placed in LAB 'D'
        +----------------------------- LC51 /a1
        | +--------------------------- LC62 /b1
        | | +------------------------- LC60 /c1
        | | | +----------------------- LC63 /d1
        | | | | +--------------------- LC61 /e1
        | | | | | +------------------- LC54 /f1
        | | | | | | +----------------- LC49 /g1
        | | | | | | | +--------------- LC50 |74374:48|:13
        | | | | | | | | +------------- LC59 |74374:48|:14
        | | | | | | | | | +----------- LC58 |74374:48|:15
        | | | | | | | | | | +--------- LC57 |74374:48|:16
        | | | | | | | | | | | +------- LC56 |74374:48|:17
        | | | | | | | | | | | | +----- LC55 |74374:48|:18
        | | | | | | | | | | | | | +--- LC53 |74374:48|:19
        | | | | | | | | | | | | | | +- LC52 |74374:48|:20
        | | | | | | | | | | | | | | | 
        | | | | | | | | | | | | | | |   Other LABs fed by signals
        | | | | | | | | | | | | | | |   that feed LAB 'D'
LC      | | | | | | | | | | | | | | | | A B C D |     Logic cells that feed LAB 'D':
LC50 -> * * * * * * * - - - - - - - - | - - - * | <-- |74374:48|:13
LC59 -> * * * * * * * - - - - - - - - | - - - * | <-- |74374:48|:14
LC58 -> * * * * * * * - - - - - - - - | - - - * | <-- |74374:48|:15
LC57 -> * * * * * * * - - - - - - - - | - - - * | <-- |74374:48|:16

Pin
17   -> - - - - - - - * * * * * * * * | - - - * | <-- A0
44   -> - - - - - - - * * * * * * * * | - - - * | <-- A1
27   -> - - - - - - - * * * * * * * * | - - - * | <-- A2
30   -> - - - - - - - * * * * * * * * | - - - * | <-- A3
31   -> - - - - - - - * * * * * * * * | - - - * | <-- A4
35   -> - - - - - - - * * * * * * * * | - - - * | <-- A5
4    -> - - - - - - - * * * * * * * * | - - - * | <-- A6
25   -> - - - - - - - * * * * * * * * | - - - * | <-- A7
39   -> - - - - - - - * * * * * * * * | - - - * | <-- A8
40   -> - - - - - - - * * * * * * * * | - - - * | <-- A9
45   -> - - - - - - - * * * * * * * * | - - - * | <-- A10
41   -> - - - - - - - * * * * * * * * | - - - * | <-- A11
5    -> - - - - - - - * * * * * * * * | - - - * | <-- A12
6    -> - - - - - - - * * * * * * * * | - - - * | <-- A13
22   -> - - - - - - - * * * * * * * * | - - - * | <-- A14
21   -> - - - - - - - * * * * * * * * | - - - * | <-- A15
20   -> - - - - - - - * - - - - - - - | - - - * | <-- D0
18   -> - - - - - - - - * - - - - - - | - - - * | <-- D1
16   -> - - - - - - - - - * - - - - - | - - - * | <-- D2
15   -> - - - - - - - - - - * - - - - | - - - * | <-- D3
12   -> - - - - - - - - - - - * - - - | - - - * | <-- D4
11   -> - - - - - - - - - - - - * - - | - - - * | <-- D5
10   -> - - - - - - - - - - - - - * - | - - - * | <-- D6
9    -> - - - - - - - - - - - - - - * | - - - * | <-- D7
8    -> - - - - - - - * * * * * * * * | - - - * | <-- /WR


* = The logic cell or pin is an input to the logic cell (or LAB) through the PIA.
- = The logic cell or pin is not an input to the logic cell (or LAB).


Device-Specific Information:                   c:\max2work\mod_ind\mod_ind.rpt
mod_ind

** EQUATIONS **

A0       : INPUT;
A1       : INPUT;
A2       : INPUT;
A3       : INPUT;
A4       : INPUT;
A5       : INPUT;
A6       : INPUT;
A7       : INPUT;
A8       : INPUT;
A9       : INPUT;
A10      : INPUT;
A11      : INPUT;
A12      : INPUT;
A13      : INPUT;
A14      : INPUT;
A15      : INPUT;
D0       : INPUT;
D1       : INPUT;
D2       : INPUT;
D3       : INPUT;
D4       : INPUT;
D5       : INPUT;
D6       : INPUT;
D7       : INPUT;
/WR      : INPUT;

-- Node name is '|74374:48|:13' 
-- Equation name is '_LC050', type is buried 
_LC050   = DFFE( D0 $  GND,  _EQ001,  VCC,  VCC,  VCC);
  _EQ001 = !A0 & !A1 & !A2 & !A3 &  A4 & !A5 & !A6 & !A7 & !A8 & !A9 & !A10 & 
             !A11 & !A12 & !A13 & !A14 & !A15 & !/WR;

-- Node name is '|74374:48|:14' 
-- Equation name is '_LC059', type is buried 
_LC059   = DFFE( D1 $  GND,  _EQ002,  VCC,  VCC,  VCC);
  _EQ002 = !A0 & !A1 & !A2 & !A3 &  A4 & !A5 & !A6 & !A7 & !A8 & !A9 & !A10 & 
             !A11 & !A12 & !A13 & !A14 & !A15 & !/WR;

-- Node name is '|74374:48|:15' 
-- Equation name is '_LC058', type is buried 
_LC058   = DFFE( D2 $  GND,  _EQ003,  VCC,  VCC,  VCC);
  _EQ003 = !A0 & !A1 & !A2 & !A3 &  A4 & !A5 & !A6 & !A7 & !A8 & !A9 & !A10 & 
             !A11 & !A12 & !A13 & !A14 & !A15 & !/WR;

-- Node name is '|74374:48|:16' 
-- Equation name is '_LC057', type is buried 
_LC057   = DFFE( D3 $  GND,  _EQ004,  VCC,  VCC,  VCC);
  _EQ004 = !A0 & !A1 & !A2 & !A3 &  A4 & !A5 & !A6 & !A7 & !A8 & !A9 & !A10 & 
             !A11 & !A12 & !A13 & !A14 & !A15 & !/WR;

-- Node name is '|74374:48|:17' 
-- Equation name is '_LC056', type is buried 
_LC056   = DFFE( D4 $  GND,  _EQ005,  VCC,  VCC,  VCC);
  _EQ005 = !A0 & !A1 & !A2 & !A3 &  A4 & !A5 & !A6 & !A7 & !A8 & !A9 & !A10 & 
             !A11 & !A12 & !A13 & !A14 & !A15 & !/WR;

-- Node name is '|74374:48|:18' 
-- Equation name is '_LC055', type is buried 
_LC055   = DFFE( D5 $  GND,  _EQ006,  VCC,  VCC,  VCC);
  _EQ006 = !A0 & !A1 & !A2 & !A3 &  A4 & !A5 & !A6 & !A7 & !A8 & !A9 & !A10 & 
             !A11 & !A12 & !A13 & !A14 & !A15 & !/WR;

-- Node name is '|74374:48|:19' 
-- Equation name is '_LC053', type is buried 
_LC053   = DFFE( D6 $  GND,  _EQ007,  VCC,  VCC,  VCC);
  _EQ007 = !A0 & !A1 & !A2 & !A3 &  A4 & !A5 & !A6 & !A7 & !A8 & !A9 & !A10 & 
             !A11 & !A12 & !A13 & !A14 & !A15 & !/WR;

-- Node name is '|74374:48|:20' 
-- Equation name is '_LC052', type is buried 
_LC052   = DFFE( D7 $  GND,  _EQ008,  VCC,  VCC,  VCC);
  _EQ008 = !A0 & !A1 & !A2 & !A3 &  A4 & !A5 & !A6 & !A7 & !A8 & !A9 & !A10 & 
             !A11 & !A12 & !A13 & !A14 & !A15 & !/WR;

-- Node name is '/a1' 
-- Equation name is '/a1', location is LC051, type is output.
 /a1     = LCELL( _EQ009 $  GND);
  _EQ009 =  _LC050 &  _LC057 & !_LC058 &  _LC059
         #  _LC050 &  _LC057 &  _LC058 & !_LC059
         #  _LC050 & !_LC057 & !_LC058 & !_LC059
         # !_LC050 & !_LC057 &  _LC058 & !_LC059;

-- Node name is '/a2' 
-- Equation name is '/a2', location is LC037, type is output.
 /a2     = LCELL( _EQ010 $  GND);
  _EQ010 =  _LC052 & !_LC053 &  _LC055 &  _LC056
         #  _LC052 &  _LC053 & !_LC055 &  _LC056
         # !_LC052 & !_LC053 & !_LC055 &  _LC056
         # !_LC052 &  _LC053 & !_LC055 & !_LC056;

-- Node name is '/b1' 
-- Equation name is '/b1', location is LC062, type is output.
 /b1     = LCELL( _EQ011 $  GND);
  _EQ011 =  _LC050 & !_LC057 &  _LC058 & !_LC059
         #  _LC050 &  _LC057 &  _LC059
         # !_LC050 &  _LC057 &  _LC058
         # !_LC050 &  _LC058 &  _LC059;

-- Node name is '/b2' 
-- Equation name is '/b2', location is LC039, type is output.
 /b2     = LCELL( _EQ012 $  GND);
  _EQ012 = !_LC052 &  _LC053 & !_LC055 &  _LC056
         #  _LC052 &  _LC055 &  _LC056
         #  _LC052 &  _LC053 & !_LC056
         #  _LC053 &  _LC055 & !_LC056;

-- Node name is '/c1' 
-- Equation name is '/c1', location is LC060, type is output.
 /c1     = LCELL( _EQ013 $  GND);
  _EQ013 = !_LC050 & !_LC057 & !_LC058 &  _LC059
         #  _LC057 &  _LC058 &  _LC059
         # !_LC050 &  _LC057 &  _LC058;

-- Node name is '/c2' 
-- Equation name is '/c2', location is LC041, type is output.
 /c2     = LCELL( _EQ014 $  GND);
  _EQ014 = !_LC052 & !_LC053 &  _LC055 & !_LC056
         #  _LC052 &  _LC053 &  _LC055
         #  _LC052 &  _LC053 & !_LC056;

-- Node name is '/d1' 
-- Equation name is '/d1', location is LC063, type is output.
 /d1     = LCELL( _EQ015 $  GND);
  _EQ015 = !_LC050 &  _LC057 & !_LC058 &  _LC059
         #  _LC050 & !_LC057 & !_LC058 & !_LC059
         # !_LC050 & !_LC057 &  _LC058 & !_LC059
         #  _LC050 &  _LC058 &  _LC059;

-- Node name is '/d2' 
-- Equation name is '/d2', location is LC038, type is output.
 /d2     = LCELL( _EQ016 $  GND);
  _EQ016 =  _LC052 & !_LC053 &  _LC055 & !_LC056
         # !_LC052 & !_LC053 & !_LC055 &  _LC056
         # !_LC052 &  _LC053 & !_LC055 & !_LC056
         #  _LC053 &  _LC055 &  _LC056;

-- Node name is '/e1' 
-- Equation name is '/e1', location is LC061, type is output.
 /e1     = LCELL( _EQ017 $  GND);
  _EQ017 = !_LC057 &  _LC058 & !_LC059
         #  _LC050 & !_LC058 & !_LC059
         #  _LC050 & !_LC057;

-- Node name is '/e2' 
-- Equation name is '/e2', location is LC040, type is output.
 /e2     = LCELL( _EQ018 $  GND);
  _EQ018 = !_LC052 &  _LC053 & !_LC055
         # !_LC053 & !_LC055 &  _LC056
         # !_LC052 &  _LC056;

-- Node name is '/f1' 
-- Equation name is '/f1', location is LC054, type is output.
 /f1     = LCELL( _EQ019 $  GND);
  _EQ019 =  _LC050 &  _LC057 &  _LC058 & !_LC059
         #  _LC050 & !_LC057 &  _LC059
         # !_LC057 & !_LC058 &  _LC059
         #  _LC050 & !_LC057 & !_LC058;

-- Node name is '/f2' 
-- Equation name is '/f2', location is LC035, type is output.
 /f2     = LCELL( _EQ020 $  GND);
  _EQ020 =  _LC052 &  _LC053 & !_LC055 &  _LC056
         # !_LC052 &  _LC055 &  _LC056
         # !_LC052 & !_LC053 &  _LC055
         # !_LC052 & !_LC053 &  _LC056;

-- Node name is '/g1' 
-- Equation name is '/g1', location is LC049, type is output.
 /g1     = LCELL( _EQ021 $  GND);
  _EQ021 =  _LC050 & !_LC057 &  _LC058 &  _LC059
         # !_LC050 &  _LC057 &  _LC058 & !_LC059
         # !_LC057 & !_LC058 & !_LC059;

-- Node name is '/g2' 
-- Equation name is '/g2', location is LC036, type is output.
 /g2     = LCELL( _EQ022 $  GND);
  _EQ022 = !_LC052 &  _LC053 &  _LC055 &  _LC056
         #  _LC052 &  _LC053 & !_LC055 & !_LC056
         # !_LC052 & !_LC053 & !_LC055;



--     Shareable expanders that are duplicated in multiple LABs:
--     (none)




Project Information                            c:\max2work\mod_ind\mod_ind.rpt

** COMPILATION SETTINGS & TIMES **

Processing Menu Commands
------------------------

Design Doctor                             = off

Logic Synthesis:

   Synthesis Type Used                    = Standard

   Default Synthesis Style                = NORMAL

      Logic option settings in 'NORMAL' style for 'MAX7000S' family

      DECOMPOSE_GATES                     = on
      DUPLICATE_LOGIC_EXTRACTION          = on
      MINIMIZATION                        = full
      MULTI_LEVEL_FACTORING               = on
      NOT_GATE_PUSH_BACK                  = on
      PARALLEL_EXPANDERS                  = off
      REDUCE_LOGIC                        = on
      REFACTORIZATION                     = on
      REGISTER_OPTIMIZATION               = on
      RESYNTHESIZE_NETWORK                = on
      SLOW_SLEW_RATE                      = off
      SOFT_BUFFER_INSERTION               = on
      SUBFACTOR_EXTRACTION                = on
      TURBO_BIT                           = on
      XOR_SYNTHESIS                       = on
      IGNORE_SOFT_BUFFERS                 = off
      USE_LPM_FOR_AHDL_OPERATORS          = off

   Other logic synthesis settings:

      Automatic Global Clock              = on
      Automatic Global Clear              = on
      Automatic Global Preset             = on
      Automatic Global Output Enable      = on
      Automatic Fast I/O                  = off
      Automatic Register Packing          = off
      Automatic Open-Drain Pins           = on
      Automatic Implement in EAB          = off
      One-Hot State Machine Encoding      = off
      Optimize                            = 5

Default Timing Specifications: None

Cut All Bidir Feedback Timing Paths       = on
Cut All Clear & Preset Timing Paths       = on

Ignore Timing Assignments                 = off

Functional SNF Extractor                  = off

Linked SNF Extractor                      = off
Timing SNF Extractor                      = on
Optimize Timing SNF                       = off
Generate AHDL TDO File                    = off
Fitter Settings                           = NORMAL
Smart Recompile                           = off
Total Recompile                           = off

Interfaces Menu Commands
------------------------

EDIF Netlist Writer                       = off
Verilog Netlist Writer                    = off
VHDL Netlist Writer                       = off

Compilation Times
-----------------

   Compiler Netlist Extractor             00:00:00
   Database Builder                       00:00:00
   Logic Synthesizer                      00:00:00
   Partitioner                            00:00:01
   Fitter                                 00:00:00
   Timing SNF Extractor                   00:00:00
   Assembler                              00:00:00
   --------------------------             --------
   Total Time                             00:00:01


Memory Allocated
-----------------

Peak memory allocated during compilation  = 3,791K
