MACRO ASSEMBLER 5                                           11/27/123 18:22:29 PAGE     1


WIN32 MACRO ASSEMBLER A51 V6.03.08
OBJECT MODULE PLACED IN Y:\лаб1\5\5.OBJ
ASSEMBLER INVOKED BY: A51.EXE Y:\лаб1\5\5.ASM OJ(Y:\лаб1\5\5.OBJ) PIN(C:\FSI\INC) EP LINES PR(Y:\лаб1\5\5.LST) XR DB PW(80) RB(0) 

LOC     OBJ           LINE    SOURCE
                         1    NAME TIMER_DELAY
                         2    MAIN SEGMENT CODE
------                   3    CSEG AT 0BH
000B    020000   F       4    LJMP TM_INT
------                   5    CSEG AT 0
0000    020000   F       6    LJMP START
------                   7    RSEG MAIN
                         8    USING 0
                         9    TIMER_DELAY:  
0000    758C00          10        MOV TH0, #00H
0003    758A00          11        MOV TL0, #00H
0006    758901          12        MOV TMOD, #01H
0009    D28C            13        SETB TCON.4
000B    308DFD          14        JNB TCON.5, $
000E    22              15        RET
                        16    START:  
000F    D2AF            17        SETB IE.7
0011    D2A9            18        SETB IE.1
0013    7898            19        MOV R0, #098H
0015    120000   F      20        CALL TIMER_DELAY
0018    020000   F      21        JMP $
                        22    
                        23    TM_INT:  
001B    E8              24        MOV A, R0
001C    6002            25        JZ TM_INT_END 
001E    18              26        DEC R0
001F    32              27        RETI
                        28    TM_INT_END:  
0020    C28D            29        CLR TCON.5
0022    32              30        RETI
                        31    END
MACRO ASSEMBLER 5                                           11/27/123 18:22:29 PAGE     2


SYMBOL TABLE LISTING
------ ----- -------


N A M E             T Y P E  V A L U E   ATTRIBUTES             REFERENCES

TM_INT_END . . . .  C ADDR   0020H   R  SEG=MAIN                25 28# 
MAIN . . . . . . .  C SEG    0023H      REL=UNIT                7# 
TM_INT . . . . . .  C ADDR   001BH   R  SEG=MAIN                4 23# 
TH0. . . . . . . .  D ADDR   008CH   A                          10 
START. . . . . . .  C ADDR   000FH   R  SEG=MAIN                6 16# 
IE . . . . . . . .  D ADDR   00A8H   A                          17 18 
TIMER_DELAY. . . .  C ADDR   0000H   R  SEG=MAIN                9# 20 
TL0. . . . . . . .  D ADDR   008AH   A                          11 
TMOD . . . . . . .  D ADDR   0089H   A                          12 
TCON . . . . . . .  D ADDR   0088H   A                          13 14 29 47 



MODULE INFORMATION:   STATIC OVERLAYABLE
   CODE SIZE        =     41    ----
   XDATA SIZE       =   ----    ----
   DATA SIZE        =   ----    ----
   IDATA SIZE       =   ----    ----
   BIT SIZE         =   ----    ----
END OF MODULE INFORMATION.


REGISTER BANK(S) USED : 0 

ASSEMBLY COMPLETE.   0 WARNING(S)   0 ERROR(S)
