Added Component: Designator=C1(1206 Capacitor)
Added Component: Designator=C2(1206 Capacitor)
Added Component: Designator=DD1(TSSOP14)
Added Component: Designator=DD2(DIP24)
Added Component: Designator=DD3(SOP14)
Added Component: Designator=DD5(LQFP44)
Added Component: Designator=DD6(SOP32)
Added Component: Designator=DD7(DIP28)
Added Component: Designator=R1(1206 Resistor)
Added Component: Designator=R2(1206 Resistor)
Added Component: Designator=R3(1206 Resistor)
Added Component: Designator=R4(1206 Resistor)
Added Component: Designator=S1(BUT: 6x3.5 TH)
Add component (AddParameter): Name = "CommentText"; Value = "Reset"; VariantName = "[No Variations]"
Add component (AddParameter): Name = "HelpURL"; Value = "https://www.digikey.com/product-detail/en/te-connectivity-alcoswitch-switches/FSM2JSMAATR/450-1792-1-ND/3503931"; VariantName = "[No Variations]"
Add component (AddParameter): Name = "Manufacturer"; Value = "TE Connectivity"; VariantName = "[No Variations]"
Add component (AddParameter): Name = "Package"; Value = "6x6mm"; VariantName = "[No Variations]"
Add component (AddParameter): Name = "PartNumber"; Value = "FSM2JSMAATR"; VariantName = "[No Variations]"
Add component (AddParameter): Name = "TypeButton"; Value = "Tactile button"; VariantName = "[No Variations]"
Add component (AddParameter): Name = "ValueManufacturerPartNumber"; Value = "Tactile button, 6x6mm"; VariantName = "[No Variations]"
Added Component: Designator=X1(USB connector)
Added Component: Designator=ZQ1(HC-49S)
Added Pin To Net: NetName=+5 Pin=DD1-14
Added Pin To Net: NetName=+5 Pin=DD2-12
Added Pin To Net: NetName=+5 Pin=DD3-14
Added Pin To Net: NetName=+5 Pin=DD5-6
Added Pin To Net: NetName=+5 Pin=DD5-13
Added Pin To Net: NetName=+5 Pin=DD5-21
Added Pin To Net: NetName=+5 Pin=DD5-22
Added Pin To Net: NetName=+5 Pin=DD6-32
Added Pin To Net: NetName=+5 Pin=DD7-28
Added Pin To Net: NetName=+5 Pin=X1-4
Added Net: Name=+5
Added Pin To Net: NetName=A0 Pin=DD2-11
Added Pin To Net: NetName=A0 Pin=DD5-27
Added Pin To Net: NetName=A0 Pin=DD6-12
Added Pin To Net: NetName=A0 Pin=DD7-10
Added Net: Name=A0
Added Pin To Net: NetName=A1 Pin=DD5-28
Added Pin To Net: NetName=A1 Pin=DD6-11
Added Pin To Net: NetName=A1 Pin=DD7-9
Added Net: Name=A1
Added Pin To Net: NetName=A2 Pin=DD5-29
Added Pin To Net: NetName=A2 Pin=DD6-10
Added Pin To Net: NetName=A2 Pin=DD7-8
Added Net: Name=A2
Added Pin To Net: NetName=A3 Pin=DD5-30
Added Pin To Net: NetName=A3 Pin=DD6-9
Added Pin To Net: NetName=A3 Pin=DD7-7
Added Net: Name=A3
Added Pin To Net: NetName=A4 Pin=DD5-31
Added Pin To Net: NetName=A4 Pin=DD6-8
Added Pin To Net: NetName=A4 Pin=DD7-6
Added Net: Name=A4
Added Pin To Net: NetName=A5 Pin=DD5-32
Added Pin To Net: NetName=A5 Pin=DD6-7
Added Pin To Net: NetName=A5 Pin=DD7-5
Added Net: Name=A5
Added Pin To Net: NetName=A6 Pin=DD2-10
Added Pin To Net: NetName=A6 Pin=DD5-34
Added Pin To Net: NetName=A6 Pin=DD6-6
Added Pin To Net: NetName=A6 Pin=DD7-4
Added Net: Name=A6
Added Pin To Net: NetName=A7 Pin=DD2-9
Added Pin To Net: NetName=A7 Pin=DD5-35
Added Pin To Net: NetName=A7 Pin=DD6-5
Added Pin To Net: NetName=A7 Pin=DD7-3
Added Net: Name=A7
Added Pin To Net: NetName=A8 Pin=DD5-36
Added Pin To Net: NetName=A8 Pin=DD6-27
Added Pin To Net: NetName=A8 Pin=DD7-25
Added Net: Name=A8
Added Pin To Net: NetName=A9 Pin=DD5-37
Added Pin To Net: NetName=A9 Pin=DD6-26
Added Pin To Net: NetName=A9 Pin=DD7-24
Added Net: Name=A9
Added Pin To Net: NetName=A10 Pin=DD5-38
Added Pin To Net: NetName=A10 Pin=DD6-23
Added Pin To Net: NetName=A10 Pin=DD7-21
Added Net: Name=A10
Added Pin To Net: NetName=A11 Pin=DD5-40
Added Pin To Net: NetName=A11 Pin=DD6-25
Added Pin To Net: NetName=A11 Pin=DD7-23
Added Net: Name=A11
Added Pin To Net: NetName=A12 Pin=DD5-41
Added Pin To Net: NetName=A12 Pin=DD6-4
Added Pin To Net: NetName=A12 Pin=DD7-2
Added Net: Name=A12
Added Pin To Net: NetName=A13 Pin=DD3-10
Added Pin To Net: NetName=A13 Pin=DD5-42
Added Pin To Net: NetName=A13 Pin=DD6-28
Added Net: Name=A13
Added Pin To Net: NetName=A14 Pin=DD3-9
Added Pin To Net: NetName=A14 Pin=DD5-43
Added Pin To Net: NetName=A14 Pin=DD6-3
Added Net: Name=A14
Added Pin To Net: NetName=A15 Pin=DD3-13
Added Pin To Net: NetName=A15 Pin=DD5-44
Added Pin To Net: NetName=A15 Pin=DD6-31
Added Net: Name=A15
Added Pin To Net: NetName=D0 Pin=DD2-22
Added Pin To Net: NetName=D0 Pin=DD5-9
Added Pin To Net: NetName=D0 Pin=DD6-13
Added Pin To Net: NetName=D0 Pin=DD7-11
Added Net: Name=D0
Added Pin To Net: NetName=D1 Pin=DD2-21
Added Pin To Net: NetName=D1 Pin=DD5-10
Added Pin To Net: NetName=D1 Pin=DD6-14
Added Pin To Net: NetName=D1 Pin=DD7-12
Added Net: Name=D1
Added Pin To Net: NetName=D2 Pin=DD2-20
Added Pin To Net: NetName=D2 Pin=DD5-7
Added Pin To Net: NetName=D2 Pin=DD6-15
Added Pin To Net: NetName=D2 Pin=DD7-13
Added Net: Name=D2
Added Pin To Net: NetName=D3 Pin=DD2-19
Added Pin To Net: NetName=D3 Pin=DD5-3
Added Pin To Net: NetName=D3 Pin=DD6-17
Added Pin To Net: NetName=D3 Pin=DD7-15
Added Net: Name=D3
Added Pin To Net: NetName=D4 Pin=DD2-18
Added Pin To Net: NetName=D4 Pin=DD5-2
Added Pin To Net: NetName=D4 Pin=DD6-18
Added Pin To Net: NetName=D4 Pin=DD7-16
Added Net: Name=D4
Added Pin To Net: NetName=D5 Pin=DD2-17
Added Pin To Net: NetName=D5 Pin=DD5-4
Added Pin To Net: NetName=D5 Pin=DD6-19
Added Pin To Net: NetName=D5 Pin=DD7-17
Added Net: Name=D5
Added Pin To Net: NetName=D6 Pin=DD2-16
Added Pin To Net: NetName=D6 Pin=DD5-5
Added Pin To Net: NetName=D6 Pin=DD6-20
Added Pin To Net: NetName=D6 Pin=DD7-18
Added Net: Name=D6
Added Pin To Net: NetName=D7 Pin=DD2-15
Added Pin To Net: NetName=D7 Pin=DD5-8
Added Pin To Net: NetName=D7 Pin=DD6-21
Added Pin To Net: NetName=D7 Pin=DD7-19
Added Net: Name=D7
Added Pin To Net: NetName=GND Pin=C1-1
Added Pin To Net: NetName=GND Pin=C2-1
Added Pin To Net: NetName=GND Pin=DD1-7
Added Pin To Net: NetName=GND Pin=DD2-1
Added Pin To Net: NetName=GND Pin=DD3-7
Added Pin To Net: NetName=GND Pin=DD5-26
Added Pin To Net: NetName=GND Pin=DD6-2
Added Pin To Net: NetName=GND Pin=DD6-16
Added Pin To Net: NetName=GND Pin=DD6-22
Added Pin To Net: NetName=GND Pin=DD7-1
Added Pin To Net: NetName=GND Pin=DD7-14
Added Pin To Net: NetName=GND Pin=S1-1
Added Pin To Net: NetName=GND Pin=X1-6
Added Net: Name=GND
Added Pin To Net: NetName=NetC1_2 Pin=C1-2
Added Pin To Net: NetName=NetC1_2 Pin=DD1-1
Added Pin To Net: NetName=NetC1_2 Pin=ZQ1-1
Added Net: Name=NetC1_2
Added Pin To Net: NetName=NetC2_2 Pin=C2-2
Added Pin To Net: NetName=NetC2_2 Pin=R2-1
Added Pin To Net: NetName=NetC2_2 Pin=ZQ1-2
Added Net: Name=NetC2_2
Added Pin To Net: NetName=NetDD1_2 Pin=DD1-2
Added Pin To Net: NetName=NetDD1_2 Pin=DD1-3
Added Pin To Net: NetName=NetDD1_2 Pin=R1-1
Added Net: Name=NetDD1_2
Added Pin To Net: NetName=NetDD1_4 Pin=DD1-4
Added Pin To Net: NetName=NetDD1_4 Pin=DD2-3
Added Pin To Net: NetName=NetDD1_4 Pin=DD2-4
Added Pin To Net: NetName=NetDD1_4 Pin=DD5-1
Added Net: Name=NetDD1_4
Added Pin To Net: NetName=NetDD1_5 Pin=DD1-5
Added Pin To Net: NetName=NetDD1_5 Pin=DD5-16
Added Net: Name=NetDD1_5
Added Pin To Net: NetName=NetDD1_6 Pin=DD1-6
Added Pin To Net: NetName=NetDD1_6 Pin=DD2-14
Added Net: Name=NetDD1_6
Added Pin To Net: NetName=NetDD2_2 Pin=DD2-2
Added Pin To Net: NetName=NetDD2_2 Pin=X1-2
Added Net: Name=NetDD2_2
Added Pin To Net: NetName=NetDD2_5 Pin=DD2-5
Added Pin To Net: NetName=NetDD2_5 Pin=X1-5
Added Net: Name=NetDD2_5
Added Pin To Net: NetName=NetDD2_6 Pin=DD2-6
Added Pin To Net: NetName=NetDD2_6 Pin=X1-3
Added Net: Name=NetDD2_6
Added Pin To Net: NetName=NetDD2_7 Pin=DD2-7
Added Pin To Net: NetName=NetDD2_7 Pin=DD5-12
Added Pin To Net: NetName=NetDD2_7 Pin=R3-1
Added Net: Name=NetDD2_7
Added Pin To Net: NetName=NetDD2_8 Pin=DD2-8
Added Pin To Net: NetName=NetDD2_8 Pin=DD5-24
Added Net: Name=NetDD2_8
Added Pin To Net: NetName=NetDD2_13 Pin=DD2-13
Added Pin To Net: NetName=NetDD2_13 Pin=DD3-4
Added Pin To Net: NetName=NetDD2_13 Pin=DD5-19
Added Net: Name=NetDD2_13
Added Pin To Net: NetName=NetDD3_1 Pin=DD3-1
Added Pin To Net: NetName=NetDD3_1 Pin=DD3-5
Added Pin To Net: NetName=NetDD3_1 Pin=DD5-15
Added Net: Name=NetDD3_1
Added Pin To Net: NetName=NetDD3_2 Pin=DD3-2
Added Pin To Net: NetName=NetDD3_2 Pin=DD5-18
Added Net: Name=NetDD3_2
Added Pin To Net: NetName=NetDD3_3 Pin=DD3-3
Added Pin To Net: NetName=NetDD3_3 Pin=DD6-24
Added Pin To Net: NetName=NetDD3_3 Pin=DD7-22
Added Net: Name=NetDD3_3
Added Pin To Net: NetName=NetDD3_6 Pin=DD3-6
Added Pin To Net: NetName=NetDD3_6 Pin=DD6-29
Added Net: Name=NetDD3_6
Added Pin To Net: NetName=NetDD3_8 Pin=DD3-8
Added Pin To Net: NetName=NetDD3_8 Pin=DD3-12
Added Net: Name=NetDD3_8
Added Pin To Net: NetName=NetDD3_11 Pin=DD3-11
Added Pin To Net: NetName=NetDD3_11 Pin=DD6-30
Added Pin To Net: NetName=NetDD3_11 Pin=DD7-20
Added Net: Name=NetDD3_11
Added Pin To Net: NetName=NetDD5_23 Pin=DD5-23
Added Pin To Net: NetName=NetDD5_23 Pin=R4-1
Added Pin To Net: NetName=NetDD5_23 Pin=S1-2
Added Net: Name=NetDD5_23
Added Class: Name=Z80PC
Added Class: Name=A[0..15]
Added Class: Name=D[0..7]
