Added Component: Designator=C1(1206 Capacitor)
Added Component: Designator=C2(1206 Capacitor)
Added Component: Designator=R1(1206 Resistor)
Added Component: Designator=R2(1206 Resistor)
Added Component: Designator=R3(1206 Resistor)
Added Component: Designator=R4(1206 Resistor)
Added Component: Designator=U1(TSSOP14)
Added Component: Designator=U2(DIP24)
Added Component: Designator=U3(LQFP44)
Added Component: Designator=U4(SOP14)
Added Component: Designator=U5(DIP28)
Added Component: Designator=U6(SOP32)
Added Component: Designator=X1(HC-49S)
Added Pin To Net: NetName=NetC1_1 Pin=C1-1
Added Pin To Net: NetName=NetC1_1 Pin=C2-1
Added Pin To Net: NetName=NetC1_1 Pin=U1-7
Added Pin To Net: NetName=NetC1_1 Pin=U2-1
Added Pin To Net: NetName=NetC1_1 Pin=U3-26
Added Pin To Net: NetName=NetC1_1 Pin=U4-7
Added Pin To Net: NetName=NetC1_1 Pin=U5-1
Added Pin To Net: NetName=NetC1_1 Pin=U5-14
Added Pin To Net: NetName=NetC1_1 Pin=U6-2
Added Pin To Net: NetName=NetC1_1 Pin=U6-16
Added Pin To Net: NetName=NetC1_1 Pin=U6-22
Added Net: Name=NetC1_1
Added Pin To Net: NetName=NetC1_2 Pin=C1-2
Added Pin To Net: NetName=NetC1_2 Pin=U1-13
Added Pin To Net: NetName=NetC1_2 Pin=X1-1
Added Net: Name=NetC1_2
Added Pin To Net: NetName=NetC2_2 Pin=C2-2
Added Pin To Net: NetName=NetC2_2 Pin=R2-1
Added Pin To Net: NetName=NetC2_2 Pin=X1-2
Added Net: Name=NetC2_2
Added Pin To Net: NetName=NetCon1_2 Pin=U2-2
Added Net: Name=NetCon1_2
Added Pin To Net: NetName=NetCon1_3 Pin=U2-6
Added Net: Name=NetCon1_3
Added Pin To Net: NetName=NetCon1_4 Pin=U1-14
Added Pin To Net: NetName=NetCon1_4 Pin=U2-12
Added Pin To Net: NetName=NetCon1_4 Pin=U3-6
Added Pin To Net: NetName=NetCon1_4 Pin=U3-13
Added Pin To Net: NetName=NetCon1_4 Pin=U3-21
Added Pin To Net: NetName=NetCon1_4 Pin=U3-22
Added Pin To Net: NetName=NetCon1_4 Pin=U4-14
Added Pin To Net: NetName=NetCon1_4 Pin=U5-28
Added Pin To Net: NetName=NetCon1_4 Pin=U6-32
Added Net: Name=NetCon1_4
Added Pin To Net: NetName=NetCon1_5 Pin=U2-5
Added Net: Name=NetCon1_5
Added Pin To Net: NetName=NetR1_1 Pin=R1-1
Added Pin To Net: NetName=NetR1_1 Pin=U1-9
Added Pin To Net: NetName=NetR1_1 Pin=U1-12
Added Net: Name=NetR1_1
Added Pin To Net: NetName=NetR3_1 Pin=R3-1
Added Pin To Net: NetName=NetR3_1 Pin=U2-7
Added Pin To Net: NetName=NetR3_1 Pin=U3-12
Added Net: Name=NetR3_1
Added Pin To Net: NetName=NetR4_1 Pin=R4-1
Added Pin To Net: NetName=NetR4_1 Pin=U3-23
Added Net: Name=NetR4_1
Added Pin To Net: NetName=NetU1_3 Pin=U1-3
Added Pin To Net: NetName=NetU1_3 Pin=U3-16
Added Net: Name=NetU1_3
Added Pin To Net: NetName=NetU1_4 Pin=U1-4
Added Pin To Net: NetName=NetU1_4 Pin=U2-14
Added Net: Name=NetU1_4
Added Pin To Net: NetName=NetU1_8 Pin=U1-8
Added Pin To Net: NetName=NetU1_8 Pin=U2-3
Added Pin To Net: NetName=NetU1_8 Pin=U2-4
Added Pin To Net: NetName=NetU1_8 Pin=U3-1
Added Net: Name=NetU1_8
Added Pin To Net: NetName=NetU2_8 Pin=U2-8
Added Pin To Net: NetName=NetU2_8 Pin=U3-24
Added Net: Name=NetU2_8
Added Pin To Net: NetName=NetU2_13 Pin=U2-13
Added Pin To Net: NetName=NetU2_13 Pin=U3-19
Added Pin To Net: NetName=NetU2_13 Pin=U4-13
Added Net: Name=NetU2_13
Added Pin To Net: NetName=NetU3_15 Pin=U3-15
Added Pin To Net: NetName=NetU3_15 Pin=U4-10
Added Pin To Net: NetName=NetU3_15 Pin=U4-12
Added Net: Name=NetU3_15
Added Pin To Net: NetName=NetU3_18 Pin=U3-18
Added Pin To Net: NetName=NetU3_18 Pin=U4-9
Added Net: Name=NetU3_18
Added Pin To Net: NetName=NetU4_1 Pin=U4-1
Added Pin To Net: NetName=NetU4_1 Pin=U4-6
Added Net: Name=NetU4_1
Added Pin To Net: NetName=NetU4_3 Pin=U4-3
Added Pin To Net: NetName=NetU4_3 Pin=U5-20
Added Pin To Net: NetName=NetU4_3 Pin=U6-30
Added Net: Name=NetU4_3
Added Pin To Net: NetName=NetU4_8 Pin=U4-8
Added Pin To Net: NetName=NetU4_8 Pin=U5-22
Added Pin To Net: NetName=NetU4_8 Pin=U6-24
Added Net: Name=NetU4_8
Added Pin To Net: NetName=NetU4_11 Pin=U4-11
Added Pin To Net: NetName=NetU4_11 Pin=U6-29
Added Net: Name=NetU4_11
Added Class: Name=Z80PC
